{"C:\\archivos\\github\\REACT\\03-gifs-app\\src\\GifsApp.tsx": {"path":"C:\\archivos\\github\\REACT\\03-gifs-app\\src\\GifsApp.tsx","statementMap":{"0":{"start":{"line":7,"column":23},"end":{"line":24,"column":null}},"1":{"start":{"line":8,"column":66},"end":{"line":8,"column":null}}},"fnMap":{"0":{"name":"(anonymous_0)","decl":{"start":{"line":7,"column":23},"end":{"line":7,"column":null}},"loc":{"start":{"line":7,"column":23},"end":{"line":24,"column":null}},"line":7}},"branchMap":{},"s":{"0":1,"1":1},"f":{"0":1},"b":{},"meta":{"lastBranch":0,"lastFunction":1,"lastStatement":2,"seen":{"s:7:23:24:Infinity":0,"f:7:23:7:Infinity":0,"s:8:66:8:Infinity":1}}}
,"C:\\archivos\\github\\REACT\\03-gifs-app\\src\\gifs\\actions\\get-gifs-by-query.actions.ts": {"path":"C:\\archivos\\github\\REACT\\03-gifs-app\\src\\gifs\\actions\\get-gifs-by-query.actions.ts","statementMap":{"0":{"start":{"line":6,"column":30},"end":{"line":28,"column":null}},"1":{"start":{"line":8,"column":4},"end":{"line":10,"column":null}},"2":{"start":{"line":9,"column":8},"end":{"line":9,"column":null}},"3":{"start":{"line":12,"column":4},"end":{"line":27,"column":null}},"4":{"start":{"line":13,"column":25},"end":{"line":13,"column":null}},"5":{"start":{"line":15,"column":28},"end":{"line":21,"column":null}},"6":{"start":{"line":15,"column":59},"end":{"line":21,"column":null}},"7":{"start":{"line":23,"column":8},"end":{"line":23,"column":null}},"8":{"start":{"line":25,"column":8},"end":{"line":25,"column":null}},"9":{"start":{"line":26,"column":8},"end":{"line":26,"column":null}}},"fnMap":{"0":{"name":"(anonymous_0)","decl":{"start":{"line":6,"column":30},"end":{"line":6,"column":37}},"loc":{"start":{"line":6,"column":37},"end":{"line":28,"column":null}},"line":6},"1":{"name":"(anonymous_1)","decl":{"start":{"line":15,"column":51},"end":{"line":15,"column":59}},"loc":{"start":{"line":15,"column":59},"end":{"line":21,"column":null}},"line":15}},"branchMap":{"0":{"loc":{"start":{"line":8,"column":4},"end":{"line":10,"column":null}},"type":"if","locations":[{"start":{"line":8,"column":4},"end":{"line":10,"column":null}},{"start":{},"end":{}}],"line":8}},"s":{"0":3,"1":6,"2":1,"3":5,"4":5,"5":4,"6":85,"7":4,"8":1,"9":1},"f":{"0":6,"1":85},"b":{"0":[1,5]},"meta":{"lastBranch":1,"lastFunction":2,"lastStatement":10,"seen":{"s:6:30:28:Infinity":0,"f:6:30:6:37":0,"b:8:4:10:Infinity:undefined:undefined:undefined:undefined":0,"s:8:4:10:Infinity":1,"s:9:8:9:Infinity":2,"s:12:4:27:Infinity":3,"s:13:25:13:Infinity":4,"s:15:28:21:Infinity":5,"f:15:51:15:59":1,"s:15:59:21:Infinity":6,"s:23:8:23:Infinity":7,"s:25:8:25:Infinity":8,"s:26:8:26:Infinity":9}}}
,"C:\\archivos\\github\\REACT\\03-gifs-app\\src\\gifs\\api\\giphy.api.ts": {"path":"C:\\archivos\\github\\REACT\\03-gifs-app\\src\\gifs\\api\\giphy.api.ts","statementMap":{"0":{"start":{"line":3,"column":24},"end":{"line":9,"column":null}}},"fnMap":{},"branchMap":{},"s":{"0":4},"f":{},"b":{},"meta":{"lastBranch":0,"lastFunction":0,"lastStatement":1,"seen":{"s:3:24:9:Infinity":0}}}
,"C:\\archivos\\github\\REACT\\03-gifs-app\\src\\gifs\\components\\GifList.tsx": {"path":"C:\\archivos\\github\\REACT\\03-gifs-app\\src\\gifs\\components\\GifList.tsx","statementMap":{"0":{"start":{"line":6,"column":23},"end":{"line":20,"column":null}}},"fnMap":{"0":{"name":"(anonymous_0)","decl":{"start":{"line":6,"column":23},"end":{"line":6,"column":24}},"loc":{"start":{"line":6,"column":39},"end":{"line":20,"column":null}},"line":6}},"branchMap":{},"s":{"0":1},"f":{"0":1},"b":{},"meta":{"lastBranch":0,"lastFunction":1,"lastStatement":1,"seen":{"s:6:23:20:Infinity":0,"f:6:23:6:24":0}}}
,"C:\\archivos\\github\\REACT\\03-gifs-app\\src\\gifs\\components\\PreviousSearches.tsx": {"path":"C:\\archivos\\github\\REACT\\03-gifs-app\\src\\gifs\\components\\PreviousSearches.tsx","statementMap":{"0":{"start":{"line":6,"column":32},"end":{"line":19,"column":null}},"1":{"start":{"line":12,"column":52},"end":{"line":12,"column":null}}},"fnMap":{"0":{"name":"(anonymous_0)","decl":{"start":{"line":6,"column":32},"end":{"line":6,"column":33}},"loc":{"start":{"line":6,"column":68},"end":{"line":19,"column":null}},"line":6},"1":{"name":"(anonymous_1)","decl":{"start":{"line":12,"column":46},"end":{"line":12,"column":52}},"loc":{"start":{"line":12,"column":52},"end":{"line":12,"column":null}},"line":12}},"branchMap":{},"s":{"0":1,"1":0},"f":{"0":1,"1":0},"b":{},"meta":{"lastBranch":0,"lastFunction":2,"lastStatement":2,"seen":{"s:6:32:19:Infinity":0,"f:6:32:6:33":0,"f:12:46:12:52":1,"s:12:52:12:Infinity":1}}}
,"C:\\archivos\\github\\REACT\\03-gifs-app\\src\\gifs\\hooks\\useGifs.tsx": {"path":"C:\\archivos\\github\\REACT\\03-gifs-app\\src\\gifs\\hooks\\useGifs.tsx","statementMap":{"0":{"start":{"line":5,"column":23},"end":{"line":39,"column":null}},"1":{"start":{"line":6,"column":43},"end":{"line":6,"column":null}},"2":{"start":{"line":7,"column":25},"end":{"line":7,"column":null}},"3":{"start":{"line":8,"column":30},"end":{"line":10,"column":null}},"4":{"start":{"line":9,"column":8},"end":{"line":9,"column":null}},"5":{"start":{"line":11,"column":10},"end":{"line":11,"column":null}},"6":{"start":{"line":13,"column":25},"end":{"line":32,"column":null}},"7":{"start":{"line":14,"column":8},"end":{"line":14,"column":null}},"8":{"start":{"line":15,"column":8},"end":{"line":15,"column":null}},"9":{"start":{"line":15,"column":31},"end":{"line":15,"column":null}},"10":{"start":{"line":16,"column":8},"end":{"line":23,"column":null}},"11":{"start":{"line":17,"column":12},"end":{"line":18,"column":null}},"12":{"start":{"line":18,"column":16},"end":{"line":18,"column":null}},"13":{"start":{"line":18,"column":42},"end":{"line":18,"column":null}},"14":{"start":{"line":20,"column":12},"end":{"line":20,"column":null}},"15":{"start":{"line":20,"column":39},"end":{"line":20,"column":null}},"16":{"start":{"line":22,"column":12},"end":{"line":22,"column":null}},"17":{"start":{"line":22,"column":39},"end":{"line":22,"column":null}},"18":{"start":{"line":24,"column":26},"end":{"line":24,"column":43}},"19":{"start":{"line":25,"column":8},"end":{"line":31,"column":null}},"20":{"start":{"line":26,"column":12},"end":{"line":26,"column":null}},"21":{"start":{"line":28,"column":28},"end":{"line":28,"column":null}},"22":{"start":{"line":29,"column":12},"end":{"line":29,"column":null}},"23":{"start":{"line":30,"column":12},"end":{"line":30,"column":null}},"24":{"start":{"line":33,"column":4},"end":{"line":38,"column":null}}},"fnMap":{"0":{"name":"(anonymous_0)","decl":{"start":{"line":5,"column":23},"end":{"line":5,"column":null}},"loc":{"start":{"line":5,"column":23},"end":{"line":39,"column":null}},"line":5},"1":{"name":"(anonymous_1)","decl":{"start":{"line":8,"column":30},"end":{"line":8,"column":37}},"loc":{"start":{"line":8,"column":37},"end":{"line":10,"column":null}},"line":8},"2":{"name":"(anonymous_2)","decl":{"start":{"line":13,"column":25},"end":{"line":13,"column":32}},"loc":{"start":{"line":13,"column":32},"end":{"line":32,"column":null}},"line":13},"3":{"name":"(anonymous_3)","decl":{"start":{"line":17,"column":29},"end":{"line":17,"column":30}},"loc":{"start":{"line":18,"column":16},"end":{"line":18,"column":null}},"line":18},"4":{"name":"(anonymous_4)","decl":{"start":{"line":18,"column":28},"end":{"line":18,"column":29}},"loc":{"start":{"line":18,"column":42},"end":{"line":18,"column":null}},"line":18},"5":{"name":"(anonymous_5)","decl":{"start":{"line":20,"column":29},"end":{"line":20,"column":30}},"loc":{"start":{"line":20,"column":39},"end":{"line":20,"column":null}},"line":20},"6":{"name":"(anonymous_6)","decl":{"start":{"line":22,"column":29},"end":{"line":22,"column":30}},"loc":{"start":{"line":22,"column":39},"end":{"line":22,"column":null}},"line":22}},"branchMap":{"0":{"loc":{"start":{"line":15,"column":8},"end":{"line":15,"column":null}},"type":"if","locations":[{"start":{"line":15,"column":8},"end":{"line":15,"column":null}},{"start":{},"end":{}}],"line":15},"1":{"loc":{"start":{"line":16,"column":8},"end":{"line":23,"column":null}},"type":"if","locations":[{"start":{"line":16,"column":8},"end":{"line":23,"column":null}},{"start":{"line":21,"column":15},"end":{"line":23,"column":null}}],"line":16},"2":{"loc":{"start":{"line":25,"column":8},"end":{"line":31,"column":null}},"type":"if","locations":[{"start":{"line":25,"column":8},"end":{"line":31,"column":null}},{"start":{"line":27,"column":15},"end":{"line":31,"column":null}}],"line":25}},"s":{"0":2,"1":20,"2":20,"3":20,"4":1,"5":20,"6":20,"7":14,"8":14,"9":0,"10":14,"11":1,"12":1,"13":1,"14":1,"15":1,"16":13,"17":13,"18":14,"19":14,"20":1,"21":13,"22":13,"23":13,"24":20},"f":{"0":20,"1":1,"2":14,"3":1,"4":1,"5":1,"6":13},"b":{"0":[0,14],"1":[1,13],"2":[1,13]},"meta":{"lastBranch":3,"lastFunction":7,"lastStatement":25,"seen":{"s:5:23:39:Infinity":0,"f:5:23:5:Infinity":0,"s:6:43:6:Infinity":1,"s:7:25:7:Infinity":2,"s:8:30:10:Infinity":3,"f:8:30:8:37":1,"s:9:8:9:Infinity":4,"s:11:10:11:Infinity":5,"s:13:25:32:Infinity":6,"f:13:25:13:32":2,"s:14:8:14:Infinity":7,"b:15:8:15:Infinity:undefined:undefined:undefined:undefined":0,"s:15:8:15:Infinity":8,"s:15:31:15:Infinity":9,"b:16:8:23:Infinity:21:15:23:Infinity":1,"s:16:8:23:Infinity":10,"s:17:12:18:Infinity":11,"f:17:29:17:30":3,"s:18:16:18:Infinity":12,"f:18:28:18:29":4,"s:18:42:18:Infinity":13,"s:20:12:20:Infinity":14,"f:20:29:20:30":5,"s:20:39:20:Infinity":15,"s:22:12:22:Infinity":16,"f:22:29:22:30":6,"s:22:39:22:Infinity":17,"s:24:26:24:43":18,"b:25:8:31:Infinity:27:15:31:Infinity":2,"s:25:8:31:Infinity":19,"s:26:12:26:Infinity":20,"s:28:28:28:Infinity":21,"s:29:12:29:Infinity":22,"s:30:12:30:Infinity":23,"s:33:4:38:Infinity":24}}}
,"C:\\archivos\\github\\REACT\\03-gifs-app\\src\\shared\\components\\CustomHeader.tsx": {"path":"C:\\archivos\\github\\REACT\\03-gifs-app\\src\\shared\\components\\CustomHeader.tsx","statementMap":{"0":{"start":{"line":6,"column":28},"end":{"line":13,"column":null}}},"fnMap":{"0":{"name":"(anonymous_0)","decl":{"start":{"line":6,"column":28},"end":{"line":6,"column":29}},"loc":{"start":{"line":6,"column":58},"end":{"line":13,"column":null}},"line":6}},"branchMap":{},"s":{"0":2},"f":{"0":4},"b":{},"meta":{"lastBranch":0,"lastFunction":1,"lastStatement":1,"seen":{"s:6:28:13:Infinity":0,"f:6:28:6:29":0}}}
,"C:\\archivos\\github\\REACT\\03-gifs-app\\src\\shared\\components\\SearchBar.tsx": {"path":"C:\\archivos\\github\\REACT\\03-gifs-app\\src\\shared\\components\\SearchBar.tsx","statementMap":{"0":{"start":{"line":8,"column":25},"end":{"line":44,"column":null}},"1":{"start":{"line":9,"column":27},"end":{"line":9,"column":null}},"2":{"start":{"line":11,"column":4},"end":{"line":16,"column":null}},"3":{"start":{"line":12,"column":26},"end":{"line":14,"column":null}},"4":{"start":{"line":13,"column":12},"end":{"line":13,"column":null}},"5":{"start":{"line":15,"column":8},"end":{"line":15,"column":null}},"6":{"start":{"line":15,"column":21},"end":{"line":15,"column":null}},"7":{"start":{"line":18,"column":4},"end":{"line":20,"column":null}},"8":{"start":{"line":19,"column":8},"end":{"line":19,"column":null}},"9":{"start":{"line":22,"column":25},"end":{"line":24,"column":null}},"10":{"start":{"line":23,"column":8},"end":{"line":23,"column":null}},"11":{"start":{"line":26,"column":26},"end":{"line":30,"column":null}},"12":{"start":{"line":27,"column":8},"end":{"line":29,"column":null}},"13":{"start":{"line":28,"column":12},"end":{"line":28,"column":null}},"14":{"start":{"line":38,"column":33},"end":{"line":38,"column":null}}},"fnMap":{"0":{"name":"(anonymous_0)","decl":{"start":{"line":8,"column":25},"end":{"line":8,"column":26}},"loc":{"start":{"line":8,"column":57},"end":{"line":44,"column":null}},"line":8},"1":{"name":"(anonymous_1)","decl":{"start":{"line":11,"column":14},"end":{"line":11,"column":null}},"loc":{"start":{"line":11,"column":14},"end":{"line":16,"column":7}},"line":11},"2":{"name":"(anonymous_2)","decl":{"start":{"line":12,"column":37},"end":{"line":12,"column":null}},"loc":{"start":{"line":12,"column":37},"end":{"line":14,"column":11}},"line":12},"3":{"name":"(anonymous_3)","decl":{"start":{"line":15,"column":15},"end":{"line":15,"column":21}},"loc":{"start":{"line":15,"column":21},"end":{"line":15,"column":null}},"line":15},"4":{"name":"(anonymous_4)","decl":{"start":{"line":18,"column":14},"end":{"line":18,"column":null}},"loc":{"start":{"line":18,"column":14},"end":{"line":20,"column":7}},"line":18},"5":{"name":"(anonymous_5)","decl":{"start":{"line":22,"column":25},"end":{"line":22,"column":null}},"loc":{"start":{"line":22,"column":25},"end":{"line":24,"column":null}},"line":22},"6":{"name":"(anonymous_6)","decl":{"start":{"line":26,"column":26},"end":{"line":26,"column":27}},"loc":{"start":{"line":26,"column":27},"end":{"line":30,"column":null}},"line":26},"7":{"name":"(anonymous_7)","decl":{"start":{"line":38,"column":26},"end":{"line":38,"column":27}},"loc":{"start":{"line":38,"column":33},"end":{"line":38,"column":null}},"line":38}},"branchMap":{"0":{"loc":{"start":{"line":27,"column":8},"end":{"line":29,"column":null}},"type":"if","locations":[{"start":{"line":27,"column":8},"end":{"line":29,"column":null}},{"start":{},"end":{}}],"line":27}},"s":{"0":2,"1":13,"2":13,"3":10,"4":0,"5":10,"6":10,"7":13,"8":5,"9":13,"10":1,"11":13,"12":0,"13":0,"14":5},"f":{"0":13,"1":10,"2":0,"3":10,"4":5,"5":1,"6":0,"7":5},"b":{"0":[0,0]},"meta":{"lastBranch":1,"lastFunction":8,"lastStatement":15,"seen":{"s:8:25:44:Infinity":0,"f:8:25:8:26":0,"s:9:27:9:Infinity":1,"s:11:4:16:Infinity":2,"f:11:14:11:Infinity":1,"s:12:26:14:Infinity":3,"f:12:37:12:Infinity":2,"s:13:12:13:Infinity":4,"s:15:8:15:Infinity":5,"f:15:15:15:21":3,"s:15:21:15:Infinity":6,"s:18:4:20:Infinity":7,"f:18:14:18:Infinity":4,"s:19:8:19:Infinity":8,"s:22:25:24:Infinity":9,"f:22:25:22:Infinity":5,"s:23:8:23:Infinity":10,"s:26:26:30:Infinity":11,"f:26:26:26:27":6,"b:27:8:29:Infinity:undefined:undefined:undefined:undefined":0,"s:27:8:29:Infinity":12,"s:28:12:28:Infinity":13,"f:38:26:38:27":7,"s:38:33:38:Infinity":14}}}
,"C:\\archivos\\github\\REACT\\03-gifs-app\\tests\\moks\\gifs.data.ts": {"path":"C:\\archivos\\github\\REACT\\03-gifs-app\\tests\\moks\\gifs.data.ts","statementMap":{"0":{"start":{"line":1,"column":24},"end":{"line":72,"column":null}}},"fnMap":{},"branchMap":{},"s":{"0":1},"f":{},"b":{},"meta":{"lastBranch":0,"lastFunction":0,"lastStatement":1,"seen":{"s:1:24:72:Infinity":0}}}
,"C:\\archivos\\github\\REACT\\03-gifs-app\\tests\\moks\\giphy.response.data.ts": {"path":"C:\\archivos\\github\\REACT\\03-gifs-app\\tests\\moks\\giphy.response.data.ts","statementMap":{"0":{"start":{"line":1,"column":37},"end":{"line":2011,"column":null}}},"fnMap":{},"branchMap":{},"s":{"0":1},"f":{},"b":{},"meta":{"lastBranch":0,"lastFunction":0,"lastStatement":1,"seen":{"s:1:37:2011:Infinity":0}}}
}
